\BOOKMARK [1][-]{section*.4}{Contents}{}
\BOOKMARK [1][-]{section.1}{Introduction}{}
\BOOKMARK [1][-]{section.2}{Preliminaries}{}
\BOOKMARK [2][-]{subsection.2.1}{Basics of Cake-cutting}{section.2}
\BOOKMARK [2][-]{subsection.2.2}{Concepts in Game Theory}{section.2}
\BOOKMARK [2][-]{subsection.2.3}{Different Types of Fairness}{section.2}
\BOOKMARK [2][-]{subsection.2.4}{Different Types of Protocols}{section.2}
\BOOKMARK [1][-]{section.3}{Strategyproofness}{}
\BOOKMARK [2][-]{subsection.3.1}{Correlation between Strategyproofness Criteria}{section.3}
\BOOKMARK [2][-]{subsection.3.2}{The Cut \046 Choose Protocol}{section.3}
\BOOKMARK [1][-]{section.4}{Strategyproofness of Proportional Protocols}{}
\BOOKMARK [2][-]{subsection.4.1}{The Kuhn \340 la Dawson Lone-Divider Protocol}{section.4}
\BOOKMARK [2][-]{subsection.4.2}{The Banach-Knaster Last-Diminisher Protocol}{section.4}
\BOOKMARK [2][-]{subsection.4.3}{The Fink Lone-Chooser Protocol}{section.4}
\BOOKMARK [2][-]{subsection.4.4}{The Even \046 Paz Divide-\046-Conquer Protocol}{section.4}
\BOOKMARK [1][-]{section.5}{Conclusion}{}
\BOOKMARK [2][-]{subsection.5.1}{Related Work}{section.5}
\BOOKMARK [1][-]{section.6}{Open Questions and Future Research}{}
\BOOKMARK [1][-]{section*.6}{References}{}
\BOOKMARK [1][-]{section*.8}{List of Figures}{}
\BOOKMARK [1][-]{section*.10}{List of Tables}{}
