This is pdfTeX, Version 3.1415926-1.40.10 (MiKTeX 2.8) (preloaded format=pdflatex 2009.12.25)  21 SEP 2010 10:10
entering extended mode
**C:/Dokumente*und*Einstellungen/PC/Desktop/BA*Mathe/BA_MATHE.tex
("C:/Dokumente und Einstellungen/PC/Desktop/BA Mathe/BA_MATHE.tex"
LaTeX2e <2009/09/24>
Babel <v3.8l> and hyphenation patterns for english, dumylang, nohyphenation, ge
rman, ngerman, german-x-2009-06-19, ngerman-x-2009-06-19, french, loaded.
(C:\Programme\MiKTeX\tex\latex\base\article.cls
Document Class: article 2007/10/19 v1.4h Standard LaTeX document class
(C:\Programme\MiKTeX\tex\latex\base\size11.clo
File: size11.clo 2007/10/19 v1.4h Standard LaTeX file (size option)
)
\c@part=\count79
\c@section=\count80
\c@subsection=\count81
\c@subsubsection=\count82
\c@paragraph=\count83
\c@subparagraph=\count84
\c@figure=\count85
\c@table=\count86
\abovecaptionskip=\skip41
\belowcaptionskip=\skip42
\bibindent=\dimen102
)
(C:\Programme\MiKTeX\tex\latex\ltxmisc\a4wide.sty
Package: a4wide 1994/08/30

(C:\Programme\MiKTeX\tex\latex\ntgclass\a4.sty
Package: a4 2004/04/15 v1.2g A4 based page layout
))
(C:\Programme\MiKTeX\tex\generic\babel\babel.sty
Package: babel 2008/07/06 v3.8l The Babel package

*************************************
* Local config file bblopts.cfg used
*
(C:\Programme\MiKTeX\tex\latex\00miktex\bblopts.cfg
File: bblopts.cfg 2006/07/31 v1.0 MiKTeX 'babel' configuration
)
(C:\Programme\MiKTeX\tex\generic\babel\english.ldf
Language: english 2005/03/30 v3.3o English support from the babel system

(C:\Programme\MiKTeX\tex\generic\babel\babel.def
File: babel.def 2008/07/06 v3.8l Babel common definitions
\babel@savecnt=\count87
\U@D=\dimen103
)
\l@canadian = a dialect from \language\l@american 
\l@australian = a dialect from \language\l@british 
\l@newzealand = a dialect from \language\l@british 
)
(C:\Programme\MiKTeX\tex\generic\babel\ngermanb.ldf
Language: ngermanb 2008/07/06 v2.6n new German support from the babel system
\l@naustrian = a dialect from \language\l@ngerman 
Package babel Info: Making " an active character on input line 92.
))
(C:\Programme\MiKTeX\tex\latex\base\inputenc.sty
Package: inputenc 2008/03/30 v1.1d Input encoding file
\inpenc@prehook=\toks14
\inpenc@posthook=\toks15

(C:\Programme\MiKTeX\tex\latex\base\latin1.def
File: latin1.def 2008/03/30 v1.1d Input encoding file
))
(C:\Programme\MiKTeX\tex\latex\base\fontenc.sty
Package: fontenc 2005/09/27 v1.99g Standard LaTeX package

(C:\Programme\MiKTeX\tex\latex\base\t1enc.def
File: t1enc.def 2005/09/27 v1.99g Standard LaTeX file
LaTeX Font Info:    Redeclaring font encoding T1 on input line 43.
))
(C:\Programme\MiKTeX\tex\latex\base\makeidx.sty
Package: makeidx 2000/03/29 v1.0m Standard LaTeX package
)
(C:\Programme\MiKTeX\tex\latex\ltxmisc\url.sty
\Urlmuskip=\muskip10
Package: url 2006/04/12  ver 3.3  Verb mode for urls, etc.
)
(C:\Programme\MiKTeX\tex\latex\base\doc.sty
Package: doc 2006/02/02 v2.1d Standard LaTeX documentation package (FMi)
\c@StandardModuleDepth=\count88
\guard@level=\count89
\MacrocodeTopsep=\skip43
\MacroIndent=\dimen104
\macro@cnt=\count90
\MacroTopsep=\skip44
\index@excludelist=\toks16

(C:\Programme\MiKTeX\tex\latex\tools\multicol.sty
Package: multicol 2008/12/05 v1.6h multicolumn formatting (FMi)
\c@tracingmulticols=\count91
\mult@box=\box26
\multicol@leftmargin=\dimen105
\c@unbalance=\count92
\c@collectmore=\count93
\doublecol@number=\count94
\multicoltolerance=\count95
\multicolpretolerance=\count96
\full@width=\dimen106
\page@free=\dimen107
\premulticols=\dimen108
\postmulticols=\dimen109
\multicolsep=\skip45
\multicolbaselineskip=\skip46
\partial@page=\box27
\last@line=\box28
\mult@rightbox=\box29
\mult@grightbox=\box30
\mult@gfirstbox=\box31
\mult@firstbox=\box32
\@tempa=\box33
\@tempa=\box34
\@tempa=\box35
\@tempa=\box36
\@tempa=\box37
\@tempa=\box38
\@tempa=\box39
\@tempa=\box40
\@tempa=\box41
\@tempa=\box42
\@tempa=\box43
\@tempa=\box44
\@tempa=\box45
\@tempa=\box46
\@tempa=\box47
\@tempa=\box48
\@tempa=\box49
\c@columnbadness=\count97
\c@finalcolumnbadness=\count98
\last@try=\dimen110
\multicolovershoot=\dimen111
\multicolundershoot=\dimen112
\mult@nat@firstbox=\box50
\colbreak@box=\box51
)
\IndexMin=\dimen113
\c@IndexColumns=\count99
\GlossaryMin=\dimen114
\c@GlossaryColumns=\count100
\check@sum=\count101
\bslash@cnt=\count102
\wrong@table=\toks17
\c@CodelineNo=\count103
)
(C:\Programme\MiKTeX\tex\latex\graphics\graphicx.sty
Package: graphicx 1999/02/16 v1.0f Enhanced LaTeX Graphics (DPC,SPQR)

(C:\Programme\MiKTeX\tex\latex\graphics\keyval.sty
Package: keyval 1999/03/16 v1.13 key=value parser (DPC)
\KV@toks@=\toks18
)
(C:\Programme\MiKTeX\tex\latex\graphics\graphics.sty
Package: graphics 2009/02/05 v1.0o Standard LaTeX Graphics (DPC,SPQR)

(C:\Programme\MiKTeX\tex\latex\graphics\trig.sty
Package: trig 1999/03/16 v1.09 sin cos tan (DPC)
)
(C:\Programme\MiKTeX\tex\latex\00miktex\graphics.cfg
File: graphics.cfg 2007/01/18 v1.5 graphics configuration of teTeX/TeXLive
)
Package graphics Info: Driver file: pdftex.def on input line 91.

(C:\Programme\MiKTeX\tex\latex\pdftex-def\pdftex.def
File: pdftex.def 2009/08/25 v0.04m Graphics/color for pdfTeX
\Gread@gobject=\count104
))
\Gin@req@height=\dimen115
\Gin@req@width=\dimen116
)
(C:\Programme\MiKTeX\tex\latex\lm\lmodern.sty
Package: lmodern 2009/10/07 v1.5 Latin Modern Fonts
LaTeX Font Info:    Overwriting symbol font `operators' in version `normal'
(Font)                  OT1/cmr/m/n --> OT1/lmr/m/n on input line 22.
LaTeX Font Info:    Overwriting symbol font `letters' in version `normal'
(Font)                  OML/cmm/m/it --> OML/lmm/m/it on input line 23.
LaTeX Font Info:    Overwriting symbol font `symbols' in version `normal'
(Font)                  OMS/cmsy/m/n --> OMS/lmsy/m/n on input line 24.
LaTeX Font Info:    Overwriting symbol font `largesymbols' in version `normal'
(Font)                  OMX/cmex/m/n --> OMX/lmex/m/n on input line 25.
LaTeX Font Info:    Overwriting symbol font `operators' in version `bold'
(Font)                  OT1/cmr/bx/n --> OT1/lmr/bx/n on input line 26.
LaTeX Font Info:    Overwriting symbol font `letters' in version `bold'
(Font)                  OML/cmm/b/it --> OML/lmm/b/it on input line 27.
LaTeX Font Info:    Overwriting symbol font `symbols' in version `bold'
(Font)                  OMS/cmsy/b/n --> OMS/lmsy/b/n on input line 28.
LaTeX Font Info:    Overwriting symbol font `largesymbols' in version `bold'
(Font)                  OMX/cmex/m/n --> OMX/lmex/m/n on input line 29.
LaTeX Font Info:    Overwriting math alphabet `\mathbf' in version `normal'
(Font)                  OT1/cmr/bx/n --> OT1/lmr/bx/n on input line 31.
LaTeX Font Info:    Overwriting math alphabet `\mathsf' in version `normal'
(Font)                  OT1/cmss/m/n --> OT1/lmss/m/n on input line 32.
LaTeX Font Info:    Overwriting math alphabet `\mathit' in version `normal'
(Font)                  OT1/cmr/m/it --> OT1/lmr/m/it on input line 33.
LaTeX Font Info:    Overwriting math alphabet `\mathtt' in version `normal'
(Font)                  OT1/cmtt/m/n --> OT1/lmtt/m/n on input line 34.
LaTeX Font Info:    Overwriting math alphabet `\mathbf' in version `bold'
(Font)                  OT1/cmr/bx/n --> OT1/lmr/bx/n on input line 35.
LaTeX Font Info:    Overwriting math alphabet `\mathsf' in version `bold'
(Font)                  OT1/cmss/bx/n --> OT1/lmss/bx/n on input line 36.
LaTeX Font Info:    Overwriting math alphabet `\mathit' in version `bold'
(Font)                  OT1/cmr/bx/it --> OT1/lmr/bx/it on input line 37.
LaTeX Font Info:    Overwriting math alphabet `\mathtt' in version `bold'
(Font)                  OT1/cmtt/m/n --> OT1/lmtt/m/n on input line 38.
)
(C:\Programme\MiKTeX\tex\latex\ams\math\amsmath.sty
Package: amsmath 2000/07/18 v2.13 AMS math features
\@mathmargin=\skip47

For additional information on amsmath, use the `?' option.
(C:\Programme\MiKTeX\tex\latex\ams\math\amstext.sty
Package: amstext 2000/06/29 v2.01

(C:\Programme\MiKTeX\tex\latex\ams\math\amsgen.sty
File: amsgen.sty 1999/11/30 v2.0
\@emptytoks=\toks19
\ex@=\dimen117
))
(C:\Programme\MiKTeX\tex\latex\ams\math\amsbsy.sty
Package: amsbsy 1999/11/29 v1.2d
\pmbraise@=\dimen118
)
(C:\Programme\MiKTeX\tex\latex\ams\math\amsopn.sty
Package: amsopn 1999/12/14 v2.01 operator names
)
\inf@bad=\count105
LaTeX Info: Redefining \frac on input line 211.
\uproot@=\count106
\leftroot@=\count107
LaTeX Info: Redefining \overline on input line 307.
\classnum@=\count108
\DOTSCASE@=\count109
LaTeX Info: Redefining \ldots on input line 379.
LaTeX Info: Redefining \dots on input line 382.
LaTeX Info: Redefining \cdots on input line 467.
\Mathstrutbox@=\box52
\strutbox@=\box53
\big@size=\dimen119
LaTeX Font Info:    Redeclaring font encoding OML on input line 567.
LaTeX Font Info:    Redeclaring font encoding OMS on input line 568.
\macc@depth=\count110
\c@MaxMatrixCols=\count111
\dotsspace@=\muskip11
\c@parentequation=\count112
\dspbrk@lvl=\count113
\tag@help=\toks20
\row@=\count114
\column@=\count115
\maxfields@=\count116
\andhelp@=\toks21
\eqnshift@=\dimen120
\alignsep@=\dimen121
\tagshift@=\dimen122
\tagwidth@=\dimen123
\totwidth@=\dimen124
\lineht@=\dimen125
\@envbody=\toks22
\multlinegap=\skip48
\multlinetaggap=\skip49
\mathdisplay@stack=\toks23
LaTeX Info: Redefining \[ on input line 2666.
LaTeX Info: Redefining \] on input line 2667.
)
(C:\Programme\MiKTeX\tex\latex\amsfonts\amssymb.sty
Package: amssymb 2009/06/22 v3.00

(C:\Programme\MiKTeX\tex\latex\amsfonts\amsfonts.sty
Package: amsfonts 2009/06/22 v3.00 Basic AMSFonts support
\symAMSa=\mathgroup4
\symAMSb=\mathgroup5
LaTeX Font Info:    Overwriting math alphabet `\mathfrak' in version `bold'
(Font)                  U/euf/m/n --> U/euf/b/n on input line 96.
))
(C:\Programme\MiKTeX\tex\latex\hyperref\hyperref.sty
Package: hyperref 2009/10/19 v6.79b Hypertext links for LaTeX

(C:\Programme\MiKTeX\tex\generic\oberdiek\ifpdf.sty
Package: ifpdf 2009/04/10 v2.0 Provides the ifpdf switch (HO)
Package ifpdf Info: pdfTeX in pdf mode detected.
)
(C:\Programme\MiKTeX\tex\generic\oberdiek\ifvtex.sty
Package: ifvtex 2008/11/04 v1.4 Switches for detecting VTeX and its modes (HO)
Package ifvtex Info: VTeX not detected.
)
(C:\Programme\MiKTeX\tex\latex\ifxetex\ifxetex.sty
Package: ifxetex 2009/01/23 v0.5 Provides ifxetex conditional
)
(C:\Programme\MiKTeX\tex\latex\oberdiek\hycolor.sty
Package: hycolor 2009/10/02 v1.5 Code for color options of hyperref/bookmark (H
O)

(C:\Programme\MiKTeX\tex\latex\oberdiek\xcolor-patch.sty
Package: xcolor-patch 2009/10/02 xcolor patch
))
\@linkdim=\dimen126
\Hy@linkcounter=\count117
\Hy@pagecounter=\count118

(C:\Programme\MiKTeX\tex\latex\hyperref\pd1enc.def
File: pd1enc.def 2009/10/19 v6.79b Hyperref: PDFDocEncoding definition (HO)
)
(C:\Programme\MiKTeX\tex\generic\oberdiek\etexcmds.sty
Package: etexcmds 2007/12/12 v1.2 Prefix for e-TeX command names (HO)

(C:\Programme\MiKTeX\tex\generic\oberdiek\infwarerr.sty
Package: infwarerr 2007/09/09 v1.2 Providing info/warning/message (HO)
)
Package etexcmds Info: Could not find \expanded.
(etexcmds)             That can mean that you are not using pdfTeX 1.50 or
(etexcmds)             that some package has redefined \expanded.
(etexcmds)             In the latter case, load this package earlier.
)
(C:\Programme\MiKTeX\tex\latex\00miktex\hyperref.cfg
File: hyperref.cfg 2002/06/06 v1.2 hyperref configuration of TeXLive
)
(C:\Programme\MiKTeX\tex\latex\oberdiek\kvoptions.sty
Package: kvoptions 2009/08/13 v3.4 Keyval support for LaTeX options (HO)

(C:\Programme\MiKTeX\tex\generic\oberdiek\kvsetkeys.sty
Package: kvsetkeys 2009/07/30 v1.5 Key value parser with default handler suppor
t (HO)
))
Package hyperref Info: Hyper figures OFF on input line 2975.
Package hyperref Info: Link nesting OFF on input line 2980.
Package hyperref Info: Hyper index ON on input line 2983.
Package hyperref Info: Plain pages OFF on input line 2990.
Package hyperref Info: Backreferencing OFF on input line 2995.

Implicit mode ON; LaTeX internals redefined
Package hyperref Info: Bookmarks ON on input line 3191.
LaTeX Info: Redefining \url on input line 3428.
(C:\Programme\MiKTeX\tex\generic\oberdiek\bitset.sty
Package: bitset 2007/09/28 v1.0 Data type bit set (HO)

(C:\Programme\MiKTeX\tex\generic\oberdiek\intcalc.sty
Package: intcalc 2007/09/27 v1.1 Expandable integer calculations (HO)
)
(C:\Programme\MiKTeX\tex\generic\oberdiek\bigintcalc.sty
Package: bigintcalc 2007/11/11 v1.1 Expandable big integer calculations (HO)

(C:\Programme\MiKTeX\tex\generic\oberdiek\pdftexcmds.sty
Package: pdftexcmds 2009/09/23 v0.6 LuaTeX support for pdfTeX utility functions
 (HO)

(C:\Programme\MiKTeX\tex\generic\oberdiek\ifluatex.sty
Package: ifluatex 2009/04/17 v1.2 Provides the ifluatex switch (HO)
Package ifluatex Info: LuaTeX not detected.
)
(C:\Programme\MiKTeX\tex\generic\oberdiek\ltxcmds.sty
Package: ltxcmds 2009/08/05 v1.0 Some LaTeX kernel commands for general use (HO
)
)
Package pdftexcmds Info: LuaTeX not detected.
Package pdftexcmds Info: \pdf@primitive is available.
Package pdftexcmds Info: \pdf@ifprimitive is available.
)))
\Fld@menulength=\count119
\Field@Width=\dimen127
\Fld@charsize=\dimen128
\Field@toks=\toks24
Package hyperref Info: Hyper figures OFF on input line 4377.
Package hyperref Info: Link nesting OFF on input line 4382.
Package hyperref Info: Hyper index ON on input line 4385.
Package hyperref Info: backreferencing OFF on input line 4392.
Package hyperref Info: Link coloring OFF on input line 4397.
Package hyperref Info: Link coloring with OCG OFF on input line 4402.
Package hyperref Info: PDF/A mode OFF on input line 4407.

(C:\Programme\MiKTeX\tex\generic\oberdiek\atbegshi.sty
Package: atbegshi 2008/07/31 v1.9 At begin shipout hook (HO)
)
\Hy@abspage=\count120
\c@Item=\count121
\c@Hfootnote=\count122
)
*hyperref using default driver hpdftex*
(C:\Programme\MiKTeX\tex\latex\hyperref\hpdftex.def
File: hpdftex.def 2009/10/19 v6.79b Hyperref driver for pdfTeX
\Fld@listcount=\count123
)
(C:\Programme\MiKTeX\tex\latex\fancyhdr\fancyheadings.sty
Package: fancyheadings 2008/02/04 1.99 Dummy package to call fancyhdr


Package fancyheadings Warning: Please stop using fancyheadings!
(fancyheadings)                Use fancyhdr instead.
(fancyheadings)                We will call fancyhdr with the very same
(fancyheadings)                options you passed to fancyheadings.
(fancyheadings)                
(fancyheadings)                fancyhdr is 99 percent compatible with
(fancyheadings)                fancyheadings. The only incompatibility is
(fancyheadings)                that \headrulewidth and \footrulewidth and
(fancyheadings)                their \plain... versions are no longer length
(fancyheadings)                parameters, but normal macros (to be changed
(fancyheadings)                with \renewcommand rather than \setlength)..

(C:\Programme\MiKTeX\tex\latex\fancyhdr\fancyhdr.sty
\fancy@headwidth=\skip50
\f@ncyO@elh=\skip51
\f@ncyO@erh=\skip52
\f@ncyO@olh=\skip53
\f@ncyO@orh=\skip54
\f@ncyO@elf=\skip55
\f@ncyO@erf=\skip56
\f@ncyO@olf=\skip57
\f@ncyO@orf=\skip58
))
(C:\Programme\MiKTeX\tex\latex\ams\classes\amsthm.sty
Package: amsthm 2004/08/06 v2.20
\thm@style=\toks25
\thm@bodyfont=\toks26
\thm@headfont=\toks27
\thm@notefont=\toks28
\thm@headpunct=\toks29
\thm@preskip=\skip59
\thm@postskip=\skip60
\thm@headsep=\skip61
\dth@everypar=\toks30
)
(C:\Programme\MiKTeX\tex\latex\graphics\color.sty
Package: color 2005/11/14 v1.0j Standard LaTeX Color (DPC)

(C:\Programme\MiKTeX\tex\latex\00miktex\color.cfg
File: color.cfg 2007/01/18 v1.5 color configuration of teTeX/TeXLive
)
Package color Info: Driver file: pdftex.def on input line 130.
)
(C:\Programme\MiKTeX\tex\latex\stmaryrd\stmaryrd.sty
Package: stmaryrd 1994/03/03 St Mary's Road symbol package
\symstmry=\mathgroup6
LaTeX Font Info:    Overwriting symbol font `stmry' in version `bold'
(Font)                  U/stmry/m/n --> U/stmry/b/n on input line 89.
)
(C:\Programme\MiKTeX\tex\latex\nomencl\nomencl.sty
Package: nomencl 2005/09/22 v4.2 Nomenclature package (LN)
\nomlabelwidth=\dimen129
\nom@tempdim=\dimen130
\nomitemsep=\skip62
)
(C:\Programme\MiKTeX\tex\latex\ltxmisc\ulem.sty
\UL@box=\box54
\UL@hyphenbox=\box55
\UL@skip=\skip63
\UL@hook=\toks31
\UL@pe=\count124
\UL@pixel=\dimen131
\ULC@box=\box56
Package: ulem 2000/05/26
\ULdepth=\dimen132
)
\@nomenclaturefile=\write3

Writing nomenclature file BA_MATHE.nlo
\c@satz=\count125
("C:\Dokumente und Einstellungen\PC\Desktop\BA Mathe\BA_MATHE.aux")
LaTeX Font Info:    Checking defaults for OML/cmm/m/it on input line 65.
LaTeX Font Info:    ... okay on input line 65.
LaTeX Font Info:    Checking defaults for T1/cmr/m/n on input line 65.
LaTeX Font Info:    ... okay on input line 65.
LaTeX Font Info:    Checking defaults for OT1/cmr/m/n on input line 65.
LaTeX Font Info:    ... okay on input line 65.
LaTeX Font Info:    Checking defaults for OMS/cmsy/m/n on input line 65.
LaTeX Font Info:    ... okay on input line 65.
LaTeX Font Info:    Checking defaults for OMX/cmex/m/n on input line 65.
LaTeX Font Info:    ... okay on input line 65.
LaTeX Font Info:    Checking defaults for U/cmr/m/n on input line 65.
LaTeX Font Info:    ... okay on input line 65.
LaTeX Font Info:    Checking defaults for PD1/pdf/m/n on input line 65.
LaTeX Font Info:    ... okay on input line 65.
LaTeX Font Info:    Try loading font information for T1+lmr on input line 65.

(C:\Programme\MiKTeX\tex\latex\lm\t1lmr.fd
File: t1lmr.fd 2009/10/07 v1.5 Font defs for Latin Modern
)
(C:\Programme\MiKTeX\tex\context\base\supp-pdf.tex
[Loading MPS to PDF converter (version 2006.09.02).]
\scratchcounter=\count126
\scratchdimen=\dimen133
\scratchbox=\box57
\nofMPsegments=\count127
\nofMParguments=\count128
\everyMPshowfont=\toks32
\MPscratchCnt=\count129
\MPscratchDim=\dimen134
\MPnumerator=\count130
\everyMPtoPDFconversion=\toks33
)
Package hyperref Info: Link coloring OFF on input line 65.
 (C:\Programme\MiKTeX\tex\latex\hyperref\nameref.sty
Package: nameref 2007/05/29 v2.31 Cross-referencing by name of section

(C:\Programme\MiKTeX\tex\latex\oberdiek\refcount.sty
Package: refcount 2008/08/11 v3.1 Data extraction from references (HO)
)
\c@section@level=\count131
)
LaTeX Info: Redefining \ref on input line 65.
LaTeX Info: Redefining \pageref on input line 65.

("C:\Dokumente und Einstellungen\PC\Desktop\BA Mathe\BA_MATHE.out")
("C:\Dokumente und Einstellungen\PC\Desktop\BA Mathe\BA_MATHE.out")
\@outlinefile=\write4
\AtBeginShipoutBox=\box58

<hhulogo.jpg, id=66, 391.4625pt x 225.84375pt>
File: hhulogo.jpg Graphic file (type jpg)
 <use hhulogo.jpg>
LaTeX Font Info:    Try loading font information for OT1+lmr on input line 89.

(C:\Programme\MiKTeX\tex\latex\lm\ot1lmr.fd
File: ot1lmr.fd 2009/10/07 v1.5 Font defs for Latin Modern
)
LaTeX Font Info:    Try loading font information for OML+lmm on input line 89.

(C:\Programme\MiKTeX\tex\latex\lm\omllmm.fd
File: omllmm.fd 2009/10/07 v1.5 Font defs for Latin Modern
)
LaTeX Font Info:    Try loading font information for OMS+lmsy on input line 89.


(C:\Programme\MiKTeX\tex\latex\lm\omslmsy.fd
File: omslmsy.fd 2009/10/07 v1.5 Font defs for Latin Modern
)
LaTeX Font Info:    Try loading font information for OMX+lmex on input line 89.


(C:\Programme\MiKTeX\tex\latex\lm\omxlmex.fd
File: omxlmex.fd 2009/10/07 v1.5 Font defs for Latin Modern
)
LaTeX Font Info:    External font `lmex10' loaded for size
(Font)              <12> on input line 89.
LaTeX Font Info:    External font `lmex10' loaded for size
(Font)              <8> on input line 89.
LaTeX Font Info:    External font `lmex10' loaded for size
(Font)              <6> on input line 89.
LaTeX Font Info:    Try loading font information for U+msa on input line 89.

(C:\Programme\MiKTeX\tex\latex\amsfonts\umsa.fd
File: umsa.fd 2009/06/22 v3.00 AMS symbols A
)
LaTeX Font Info:    Try loading font information for U+msb on input line 89.

(C:\Programme\MiKTeX\tex\latex\amsfonts\umsb.fd
File: umsb.fd 2009/06/22 v3.00 AMS symbols B
)
LaTeX Font Info:    Try loading font information for U+stmry on input line 89.

(C:\Programme\MiKTeX\tex\latex\stmaryrd\ustmry.fd) [1

{C:/Dokumente und Einstellungen/All Users/Anwendungsdaten/MiKTeX/2.8/pdftex/con
fig/pdftex.map} <C:/Dokumente und Einstellungen/PC/Desktop/BA Mathe/hhulogo.jpg
>]
("C:\Dokumente und Einstellungen\PC\Desktop\BA Mathe\BA_MATHE.toc"
LaTeX Font Info:    External font `lmex10' loaded for size
(Font)              <10.95> on input line 5.
)
\tf@toc=\write5
 [2]
("C:\Dokumente und Einstellungen\PC\Desktop\BA Mathe\BA_MATHE.nls") [3]
("C:\Dokumente und Einstellungen\PC\Desktop\BA Mathe\BA_MATHE.lof")
\tf@lof=\write6
 [4]
LaTeX Font Info:    External font `lmex10' loaded for size
(Font)              <9> on input line 114.
LaTeX Font Info:    External font `lmex10' loaded for size
(Font)              <5> on input line 114.


Package Fancyhdr Warning: \headheight is too small (12.0pt): 
 Make it at least 13.59999pt.
 We now make it that large for the rest of the document.
 This may cause the page layout to be inconsistent, however.

[1]
Underfull \hbox (badness 10000) in paragraph at lines 124--137

 []


Underfull \hbox (badness 10000) in paragraph at lines 124--137

 []


Underfull \hbox (badness 10000) in paragraph at lines 124--137

 []

[2] <kuch.jpg, id=201, 312.41719pt x 228.10219pt>
File: kuch.jpg Graphic file (type jpg)
 <use kuch.jpg>
Underfull \hbox (badness 10000) in paragraph at lines 141--156

 []


Underfull \hbox (badness 10000) in paragraph at lines 141--156

 []


Underfull \hbox (badness 10000) in paragraph at lines 141--156

 []


Underfull \hbox (badness 10000) in paragraph at lines 141--156

 []

[3 <C:/Dokumente und Einstellungen/PC/Desktop/BA Mathe/kuch.jpg>]
<cc1svv.jpg, id=230, 913.16156pt x 177.66376pt>
File: cc1svv.jpg Graphic file (type jpg)
 <use cc1svv.jpg>
Underfull \hbox (badness 10000) in paragraph at lines 165--177

 []


Underfull \hbox (badness 10000) in paragraph at lines 165--177

 []

[4 <C:/Dokumente und Einstellungen/PC/Desktop/BA Mathe/cc1svv.jpg>]
Underfull \hbox (badness 10000) in paragraph at lines 196--197

 []

[5]
Underfull \hbox (badness 10000) in paragraph at lines 209--210

 []


Underfull \hbox (badness 10000) in paragraph at lines 218--219

 []


Underfull \hbox (badness 10000) in paragraph at lines 220--223

 []


Underfull \hbox (badness 10000) in paragraph at lines 223--225

 []


Underfull \hbox (badness 10000) in paragraph at lines 225--232

 []


Underfull \hbox (badness 10000) in paragraph at lines 225--232

 []

[6]
LaTeX Font Info:    Try loading font information for OMS+lmr on input line 236.

 (C:\Programme\MiKTeX\tex\latex\lm\omslmr.fd
File: omslmr.fd 2009/10/07 v1.5 Font defs for Latin Modern
)
LaTeX Font Info:    Font shape `OMS/lmr/m/it' in size <10.95> not available
(Font)              Font shape `OMS/lmsy/m/n' tried instead on input line 236.
 [7]
Underfull \hbox (badness 10000) in paragraph at lines 256--259

 []

[8]
Underfull \hbox (badness 10000) in paragraph at lines 265--279

 []


Underfull \hbox (badness 10000) in paragraph at lines 265--279

 []


Underfull \hbox (badness 10000) in paragraph at lines 265--279

 []

<cc3.jpg, id=317, 1343.77031pt x 177.66376pt>
File: cc3.jpg Graphic file (type jpg)
 <use cc3.jpg>
Underfull \hbox (badness 10000) in paragraph at lines 285--301

 []


Overfull \hbox (4.08083pt too wide) in paragraph at lines 285--301
[] 
 []


Underfull \hbox (badness 10000) in paragraph at lines 285--301

 []


Underfull \hbox (badness 10000) in paragraph at lines 285--301

 []

[9 <C:/Dokumente und Einstellungen/PC/Desktop/BA Mathe/cc3.jpg>]
<cc4.jpg, id=328, 1317.42188pt x 177.66376pt>
File: cc4.jpg Graphic file (type jpg)
 <use cc4.jpg>
<cc5.jpg, id=329, 1317.42188pt x 177.66376pt>
File: cc5.jpg Graphic file (type jpg)
 <use cc5.jpg>
Underfull \hbox (badness 10000) in paragraph at lines 311--323

 []

[10 <C:/Dokumente und Einstellungen/PC/Desktop/BA Mathe/cc4.jpg> <C:/Dokumente 
und Einstellungen/PC/Desktop/BA Mathe/cc5.jpg>]
<cc7.jpg, id=337, 1317.42188pt x 177.66376pt>
File: cc7.jpg Graphic file (type jpg)
 <use cc7.jpg>
<cc9.jpg, id=338, 1317.42188pt x 179.16937pt>
File: cc9.jpg Graphic file (type jpg)
 <use cc9.jpg>
Underfull \hbox (badness 10000) in paragraph at lines 334--352

 []


Underfull \hbox (badness 10000) in paragraph at lines 334--352

 []


Underfull \hbox (badness 10000) in paragraph at lines 334--352

 []


Underfull \vbox (badness 5741) has occurred while \output is active []

 [11 <C:/Dokumente und Einstellungen/PC/Desktop/BA Mathe/cc7.jpg> <C:/Dokumente
 und Einstellungen/PC/Desktop/BA Mathe/cc9.jpg>]
<scc.jpg, id=344, 1603.49063pt x 179.16937pt>
File: scc.jpg Graphic file (type jpg)
 <use scc.jpg>
<scc2.jpg, id=345, 1603.49063pt x 179.16937pt>
File: scc2.jpg Graphic file (type jpg)
 <use scc2.jpg>
Overfull \hbox (2.96855pt too wide) in paragraph at lines 358--359
[][] 
 []

<scc4.jpg, id=346, 1603.49063pt x 179.16937pt>
File: scc4.jpg Graphic file (type jpg)
 <use scc4.jpg>
Overfull \hbox (2.96855pt too wide) in paragraph at lines 362--363
[][] 
 []


LaTeX Warning: `!h' float specifier changed to `!ht'.


LaTeX Warning: `!h' float specifier changed to `!ht'.

[12 <C:/Dokumente und Einstellungen/PC/Desktop/BA Mathe/scc.jpg>]
<str.jpg, id=352, 453.19313pt x 435.87843pt>
File: str.jpg Graphic file (type jpg)
 <use str.jpg>
Underfull \hbox (badness 10000) in paragraph at lines 366--396

 []


Underfull \hbox (badness 10000) in paragraph at lines 366--396

 []


Underfull \hbox (badness 10000) in paragraph at lines 366--396

 []

[13 <C:/Dokumente und Einstellungen/PC/Desktop/BA Mathe/scc2.jpg> <C:/Dokumente
 und Einstellungen/PC/Desktop/BA Mathe/scc4.jpg>]
Underfull \hbox (badness 10000) in paragraph at lines 397--417

 []


Overfull \hbox (1.54674pt too wide) in paragraph at lines 397--417
[] 
 []


Underfull \hbox (badness 10000) in paragraph at lines 397--417

 []


Underfull \hbox (badness 10000) in paragraph at lines 397--417

 []


Underfull \hbox (badness 1092) in paragraph at lines 397--417
\T1/lmr/m/n/10.95 Die Idee hier ist ähn-lich wie in dem Selfridge-Conway-Protok
oll. Es wer-den in den
 []

[14 <C:/Dokumente und Einstellungen/PC/Desktop/BA Mathe/str.jpg>]
<btz1.jpg, id=363, 1364.09625pt x 179.16937pt>
File: btz1.jpg Graphic file (type jpg)
 <use btz1.jpg>
<btz3.jpg, id=364, 1364.09625pt x 179.16937pt>
File: btz3.jpg Graphic file (type jpg)
 <use btz3.jpg>
<btz6.jpg, id=365, 1364.09625pt x 179.16937pt>
File: btz6.jpg Graphic file (type jpg)
 <use btz6.jpg>
<btz9.jpg, id=366, 1364.09625pt x 179.16937pt>
File: btz9.jpg Graphic file (type jpg)
 <use btz9.jpg>
<btz8.jpg, id=367, 1364.09625pt x 179.16937pt>
File: btz8.jpg Graphic file (type jpg)
 <use btz8.jpg>

LaTeX Warning: `!h' float specifier changed to `!ht'.


LaTeX Warning: `!h' float specifier changed to `!ht'.

[15 <C:/Dokumente und Einstellungen/PC/Desktop/BA Mathe/btz1.jpg> <C:/Dokumente
 und Einstellungen/PC/Desktop/BA Mathe/btz3.jpg> <C:/Dokumente und Einstellunge
n/PC/Desktop/BA Mathe/btz6.jpg>]

Package hyperref Warning: Token not allowed in a PDF string (PDFDocEncoding):
(hyperref)                removing `math shift' on input line 440.


Package hyperref Warning: Token not allowed in a PDF string (PDFDocEncoding):
(hyperref)                removing `math shift' on input line 440.


Underfull \hbox (badness 10000) in paragraph at lines 441--463

 []


Underfull \hbox (badness 10000) in paragraph at lines 441--463

 []


Underfull \hbox (badness 10000) in paragraph at lines 441--463

 []

[16 <C:/Dokumente und Einstellungen/PC/Desktop/BA Mathe/btz9.jpg> <C:/Dokumente
 und Einstellungen/PC/Desktop/BA Mathe/btz8.jpg>]
<upfv.jpg, id=380, 1646.40094pt x 222.8325pt>
File: upfv.jpg Graphic file (type jpg)
 <use upfv.jpg>
<upfv2.jpg, id=381, 1646.40094pt x 222.8325pt>
File: upfv2.jpg Graphic file (type jpg)
 <use upfv2.jpg>
<upfv3.jpg, id=382, 1646.40094pt x 222.8325pt>
File: upfv3.jpg Graphic file (type jpg)
 <use upfv3.jpg>
<upfv5.jpg, id=383, 1646.40094pt x 222.8325pt>
File: upfv5.jpg Graphic file (type jpg)
 <use upfv5.jpg> [17 <C:/Dokumente und Einstellungen/PC/Desktop/BA Mathe/upfv.j
pg> <C:/Dokumente und Einstellungen/PC/Desktop/BA Mathe/upfv2.jpg> <C:/Dokument
e und Einstellungen/PC/Desktop/BA Mathe/upfv3.jpg> <C:/Dokumente und Einstellun
gen/PC/Desktop/BA Mathe/upfv5.jpg>]
Underfull \hbox (badness 10000) in paragraph at lines 481--501

 []


Underfull \hbox (badness 10000) in paragraph at lines 481--501

 []


Underfull \hbox (badness 10000) in paragraph at lines 481--501

 []


Underfull \hbox (badness 10000) in paragraph at lines 481--501

 []


Underfull \hbox (badness 10000) in paragraph at lines 481--501

 []


Underfull \hbox (badness 10000) in paragraph at lines 501--504

 []

[18]
Underfull \hbox (badness 10000) in paragraph at lines 508--509

 []


Underfull \hbox (badness 10000) in paragraph at lines 510--511

 []


Underfull \hbox (badness 10000) in paragraph at lines 511--512

 []

[19]

Package hyperref Warning: Token not allowed in a PDF string (PDFDocEncoding):
(hyperref)                removing `\\' on input line 516.


Underfull \hbox (badness 10000) in paragraph at lines 530--537

 []


Underfull \hbox (badness 10000) in paragraph at lines 530--537

 []

[20]
LaTeX Font Info:    Font shape `OMS/lmr/m/n' in size <10.95> not available
(Font)              Font shape `OMS/lmsy/m/n' tried instead on input line 538.
 <kk5.jpg, id=416, 1038.12843pt x 228.10219pt>
File: kk5.jpg Graphic file (type jpg)
 <use kk5.jpg>
Underfull \hbox (badness 1668) in paragraph at lines 544--550
[]\T1/lmr/m/n/10.95 Bewertung($\OML/lmm/m/it/10.95 p[]\OT1/lmr/m/n/10.95 ; [1\O
ML/lmm/m/it/10.95 =\OT1/lmr/m/n/10.95 4\OML/lmm/m/it/10.95 ; \OT1/lmr/m/n/10.95
 3\OML/lmm/m/it/10.95 =\OT1/lmr/m/n/10.95 4]$\T1/lmr/m/n/10.95 )=$\OT1/lmr/m/n/
10.95 7\OML/lmm/m/it/10.95 =\OT1/lmr/m/n/10.95 10$\T1/lmr/m/n/10.95 , Pro-to-ko
ll er-fährt zu-sätz-lich $\OML/lmm/m/it/10.95 v[]\OT1/lmr/m/n/10.95 ([0\OML/lmm
/m/it/10.95 ; \OT1/lmr/m/n/10.95 1\OML/lmm/m/it/10.95 =\OT1/lmr/m/n/10.95 4]) =
 1\OML/lmm/m/it/10.95 =\OT1/lmr/m/n/10.95 10$\T1/lmr/m/n/10.95 ,
 []


LaTeX Warning: `!h' float specifier changed to `!ht'.

[21]
Underfull \hbox (badness 3471) in paragraph at lines 552--553
$\OT1/lmr/m/n/10.95 [] = \OMS/lmsy/m/n/10.95 f\OT1/lmr/m/n/10.95 [0\OML/lmm/m/
it/10.95 ; \OT1/lmr/m/n/10.95 1\OML/lmm/m/it/10.95 =\OT1/lmr/m/n/10.95 4]\OML/l
mm/m/it/10.95 ; \OT1/lmr/m/n/10.95 [1\OML/lmm/m/it/10.95 =\OT1/lmr/m/n/10.95 4\
OML/lmm/m/it/10.95 ; \OT1/lmr/m/n/10.95 1\OML/lmm/m/it/10.95 =\OT1/lmr/m/n/10.9
5 2]\OML/lmm/m/it/10.95 ; \OT1/lmr/m/n/10.95 [1\OML/lmm/m/it/10.95 =\OT1/lmr/m/
n/10.95 2\OML/lmm/m/it/10.95 ; \OT1/lmr/m/n/10.95 3\OML/lmm/m/it/10.95 =\OT1/lm
r/m/n/10.95 4]\OML/lmm/m/it/10.95 ; \OT1/lmr/m/n/10.95 [3\OML/lmm/m/it/10.95 =\
OT1/lmr/m/n/10.95 4\OML/lmm/m/it/10.95 ; \OT1/lmr/m/n/10.95 1]\OMS/lmsy/m/n/10.
95 g$\T1/lmr/m/n/10.95 , $\OT1/lmr/m/n/10.95 [] = \OMS/lmsy/m/n/10.95 f\OT1/lm
r/m/n/10.95 [0\OML/lmm/m/it/10.95 ; \OT1/lmr/m/n/10.95 3\OML/lmm/m/it/10.95 =\O
T1/lmr/m/n/10.95 4]\OML/lmm/m/it/10.95 ; \OT1/lmr/m/n/10.95 [3\OML/lmm/m/it/10.
95 =\OT1/lmr/m/n/10.95 4\OML/lmm/m/it/10.95 ; \OT1/lmr/m/n/10.95 1]\OMS/lmsy/m/
n/10.95 g$\T1/lmr/m/n/10.95 , $\OT1/lmr/m/n/10.95 [] =$
 []

<kk4.jpg, id=422, 312.41719pt x 195.73125pt>
File: kk4.jpg Graphic file (type jpg)
 <use kk4.jpg>
Underfull \hbox (badness 10000) in paragraph at lines 553--566

 []

[22 <C:/Dokumente und Einstellungen/PC/Desktop/BA Mathe/kk5.jpg> <C:/Dokumente 
und Einstellungen/PC/Desktop/BA Mathe/kk4.jpg>]
Underfull \hbox (badness 10000) in paragraph at lines 568--569

 []

[23] [24] [25] [26]
("C:\Dokumente und Einstellungen\PC\Desktop\BA Mathe\BA_MATHE.aux") ) 
Here is how much of TeX's memory you used:
 6917 strings out of 495285
 93556 string characters out of 3180680
 172450 words of memory out of 3000000
 9739 multiletter control sequences out of 15000+200000
 72389 words of font info for 68 fonts, out of 3000000 for 9000
 14 hyphenation exceptions out of 8191
 38i,12n,45p,2108b,458s stack positions out of 5000i,500n,10000p,200000b,50000s
{C:/Progra
mme/MiKTeX/fonts/enc/dvips/lm/lm-mathit.enc}{C:/Programme/MiKTeX/fonts/enc/dvip
s/lm/lm-ec.enc}{C:/Programme/MiKTeX/fonts/enc/dvips/lm/lm-mathsy.enc}{C:/Progra
mme/MiKTeX/fonts/enc/dvips/lm/lm-rm.enc}<C:/Programme/MiKTeX/fonts/type1/public
/lm/lmbx10.pfb><C:/Programme/MiKTeX/fonts/type1/public/lm/lmbx12.pfb><C:/Progra
mme/MiKTeX/fonts/type1/public/lm/lmbxi10.pfb><C:/Programme/MiKTeX/fonts/type1/p
ublic/lm/lmcsc10.pfb><C:/Programme/MiKTeX/fonts/type1/public/lm/lmmi10.pfb><C:/
Programme/MiKTeX/fonts/type1/public/lm/lmmi12.pfb><C:/Programme/MiKTeX/fonts/ty
pe1/public/lm/lmmi6.pfb><C:/Programme/MiKTeX/fonts/type1/public/lm/lmmi8.pfb><C
:/Programme/MiKTeX/fonts/type1/public/lm/lmmi9.pfb><C:/Programme/MiKTeX/fonts/t
ype1/public/lm/lmr10.pfb><C:/Programme/MiKTeX/fonts/type1/public/lm/lmr12.pfb><
C:/Programme/MiKTeX/fonts/type1/public/lm/lmr17.pfb><C:/Programme/MiKTeX/fonts/
type1/public/lm/lmr6.pfb><C:/Programme/MiKTeX/fonts/type1/public/lm/lmr8.pfb><C
:/Programme/MiKTeX/fonts/type1/public/lm/lmr9.pfb><C:/Programme/MiKTeX/fonts/ty
pe1/public/lm/lmri10.pfb><C:/Programme/MiKTeX/fonts/type1/public/lm/lmsy10.pfb>
<C:/Programme/MiKTeX/fonts/type1/public/lm/lmsy8.pfb><C:/Programme/MiKTeX/fonts
/type1/public/lm/lmsy9.pfb><C:/Programme/MiKTeX/fonts/type1/public/amsfonts/sym
bols/msbm10.pfb><C:/Programme/MiKTeX/fonts/type1/hoekwater/stmaryrd/stmary10.pf
b>
Output written on BA_MATHE.pdf (30 pages, 1515030 bytes).
PDF statistics:
 552 PDF objects out of 1000 (max. 8388607)
 157 named destinations out of 1000 (max. 500000)
 244 words of extra memory for PDF output out of 10000 (max. 10000000)

