This is pdfTeX, Version 3.1415926-1.40.10 (MiKTeX 2.8) (preloaded format=pdflatex 2009.12.25)  10 JAN 2011 17:10
entering extended mode
**C:/Dokumente*und*Einstellungen/PC/Desktop/AEvWI/Klausurvorschlag.tex
("C:/Dokumente und Einstellungen/PC/Desktop/AEvWI/Klausurvorschlag.tex"
LaTeX2e <2009/09/24>
Babel <v3.8l> and hyphenation patterns for english, dumylang, nohyphenation, ge
rman, ngerman, german-x-2009-06-19, ngerman-x-2009-06-19, french, loaded.
(C:\Programme\MiKTeX\tex\latex\base\article.cls
Document Class: article 2007/10/19 v1.4h Standard LaTeX document class
(C:\Programme\MiKTeX\tex\latex\base\size12.clo
File: size12.clo 2007/10/19 v1.4h Standard LaTeX file (size option)
)
\c@part=\count79
\c@section=\count80
\c@subsection=\count81
\c@subsubsection=\count82
\c@paragraph=\count83
\c@subparagraph=\count84
\c@figure=\count85
\c@table=\count86
\abovecaptionskip=\skip41
\belowcaptionskip=\skip42
\bibindent=\dimen102
)
(C:\Programme\MiKTeX\tex\generic\babel\babel.sty
Package: babel 2008/07/06 v3.8l The Babel package

*************************************
* Local config file bblopts.cfg used
*
(C:\Programme\MiKTeX\tex\latex\00miktex\bblopts.cfg
File: bblopts.cfg 2006/07/31 v1.0 MiKTeX 'babel' configuration
)
(C:\Programme\MiKTeX\tex\generic\babel\ngermanb.ldf
Language: ngermanb 2008/07/06 v2.6n new German support from the babel system

(C:\Programme\MiKTeX\tex\generic\babel\babel.def
File: babel.def 2008/07/06 v3.8l Babel common definitions
\babel@savecnt=\count87
\U@D=\dimen103
)
\l@naustrian = a dialect from \language\l@ngerman 
Package babel Info: Making " an active character on input line 92.
))
(C:\Programme\MiKTeX\tex\latex\base\fontenc.sty
Package: fontenc 2005/09/27 v1.99g Standard LaTeX package

(C:\Programme\MiKTeX\tex\latex\base\t1enc.def
File: t1enc.def 2005/09/27 v1.99g Standard LaTeX file
LaTeX Font Info:    Redeclaring font encoding T1 on input line 43.
))
(C:\Programme\MiKTeX\tex\latex\base\inputenc.sty
Package: inputenc 2008/03/30 v1.1d Input encoding file
\inpenc@prehook=\toks14
\inpenc@posthook=\toks15

(C:\Programme\MiKTeX\tex\latex\base\ansinew.def
File: ansinew.def 2008/03/30 v1.1d Input encoding file
))
(C:\Programme\MiKTeX\tex\latex\psnfss\times.sty
Package: times 2005/04/12 PSNFSS-v9.2a (SPQR) 
)
(C:\Programme\MiKTeX\tex\latex\graphics\color.sty
Package: color 2005/11/14 v1.0j Standard LaTeX Color (DPC)

(C:\Programme\MiKTeX\tex\latex\00miktex\color.cfg
File: color.cfg 2007/01/18 v1.5 color configuration of teTeX/TeXLive
)
Package color Info: Driver file: pdftex.def on input line 130.

(C:\Programme\MiKTeX\tex\latex\pdftex-def\pdftex.def
File: pdftex.def 2009/08/25 v0.04m Graphics/color for pdfTeX
\Gread@gobject=\count88
))
(C:\Programme\MiKTeX\tex\latex\oberdiek\picture.sty
Package: picture 2009/10/11 v1.3 Dimens for picture macros (HO)
Package picture Info: Calculation method: etex.
)
(C:\Programme\MiKTeX\tex\latex\graphics\epsfig.sty
Package: epsfig 1999/02/16 v1.7a (e)psfig emulation (SPQR)

(C:\Programme\MiKTeX\tex\latex\graphics\graphicx.sty
Package: graphicx 1999/02/16 v1.0f Enhanced LaTeX Graphics (DPC,SPQR)

(C:\Programme\MiKTeX\tex\latex\graphics\keyval.sty
Package: keyval 1999/03/16 v1.13 key=value parser (DPC)
\KV@toks@=\toks16
)
(C:\Programme\MiKTeX\tex\latex\graphics\graphics.sty
Package: graphics 2009/02/05 v1.0o Standard LaTeX Graphics (DPC,SPQR)

(C:\Programme\MiKTeX\tex\latex\graphics\trig.sty
Package: trig 1999/03/16 v1.09 sin cos tan (DPC)
)
(C:\Programme\MiKTeX\tex\latex\00miktex\graphics.cfg
File: graphics.cfg 2007/01/18 v1.5 graphics configuration of teTeX/TeXLive
)
Package graphics Info: Driver file: pdftex.def on input line 91.
)
\Gin@req@height=\dimen104
\Gin@req@width=\dimen105
)
\epsfxsize=\dimen106
\epsfysize=\dimen107
)
(C:\Programme\MiKTeX\tex\latex\eqlist\eqlist.sty
eqlist.sty by M. Vaeth: Revision 2.1
Package: eqlist 2002/08/15 v2.1
(C:\Programme\MiKTeX\tex\latex\eqparbox\eqparbox.sty
Package: eqparbox 2010/01/01 v3.1 Create equal-widthed boxes
\eqp@tempdima=\skip43
\eqp@tempdimb=\skip44

(C:\Programme\MiKTeX\tex\latex\tools\array.sty
Package: array 2008/09/09 v2.4c Tabular extension package (FMi)
\col@sep=\dimen108
\extrarowheight=\dimen109
\NC@list=\toks17
\extratabsurround=\skip45
\backup@length=\skip46
))
\eql@cnt=\count89
)
(C:\Programme\MiKTeX\tex\latex\amsfonts\amsfonts.sty
Package: amsfonts 2009/06/22 v3.00 Basic AMSFonts support
\@emptytoks=\toks18
\symAMSa=\mathgroup4
\symAMSb=\mathgroup5
LaTeX Font Info:    Overwriting math alphabet `\mathfrak' in version `bold'
(Font)                  U/euf/m/n --> U/euf/b/n on input line 96.
)
(C:\Programme\MiKTeX\tex\latex\ams\math\amsmath.sty
Package: amsmath 2000/07/18 v2.13 AMS math features
\@mathmargin=\skip47

For additional information on amsmath, use the `?' option.
(C:\Programme\MiKTeX\tex\latex\ams\math\amstext.sty
Package: amstext 2000/06/29 v2.01

(C:\Programme\MiKTeX\tex\latex\ams\math\amsgen.sty
File: amsgen.sty 1999/11/30 v2.0
\@emptytoks=\toks19
\ex@=\dimen110
))
(C:\Programme\MiKTeX\tex\latex\ams\math\amsbsy.sty
Package: amsbsy 1999/11/29 v1.2d
\pmbraise@=\dimen111
)
(C:\Programme\MiKTeX\tex\latex\ams\math\amsopn.sty
Package: amsopn 1999/12/14 v2.01 operator names
)
\inf@bad=\count90
LaTeX Info: Redefining \frac on input line 211.
\uproot@=\count91
\leftroot@=\count92
LaTeX Info: Redefining \overline on input line 307.
\classnum@=\count93
\DOTSCASE@=\count94
LaTeX Info: Redefining \ldots on input line 379.
LaTeX Info: Redefining \dots on input line 382.
LaTeX Info: Redefining \cdots on input line 467.
\Mathstrutbox@=\box26
\strutbox@=\box27
\big@size=\dimen112
LaTeX Font Info:    Redeclaring font encoding OML on input line 567.
LaTeX Font Info:    Redeclaring font encoding OMS on input line 568.
\macc@depth=\count95
\c@MaxMatrixCols=\count96
\dotsspace@=\muskip10
\c@parentequation=\count97
\dspbrk@lvl=\count98
\tag@help=\toks20
\row@=\count99
\column@=\count100
\maxfields@=\count101
\andhelp@=\toks21
\eqnshift@=\dimen113
\alignsep@=\dimen114
\tagshift@=\dimen115
\tagwidth@=\dimen116
\totwidth@=\dimen117
\lineht@=\dimen118
\@envbody=\toks22
\multlinegap=\skip48
\multlinetaggap=\skip49
\mathdisplay@stack=\toks23
LaTeX Info: Redefining \[ on input line 2666.
LaTeX Info: Redefining \] on input line 2667.
)
(C:\Programme\MiKTeX\tex\latex\amsfonts\amssymb.sty
Package: amssymb 2009/06/22 v3.00
)
(C:\Programme\MiKTeX\tex\latex\tools\tabularx.sty
Package: tabularx 1999/01/07 v2.07 `tabularx' package (DPC)
\TX@col@width=\dimen119
\TX@old@table=\dimen120
\TX@old@col=\dimen121
\TX@target=\dimen122
\TX@delta=\dimen123
\TX@cols=\count102
\TX@ftn=\toks24
)
(C:\Programme\MiKTeX\tex\latex\multirow\multirow.sty
\bigstrutjot=\dimen124
)
(C:\Programme\MiKTeX\tex\latex\fancyhdr\fancyhdr.sty
\fancy@headwidth=\skip50
\f@ncyO@elh=\skip51
\f@ncyO@erh=\skip52
\f@ncyO@olh=\skip53
\f@ncyO@orh=\skip54
\f@ncyO@elf=\skip55
\f@ncyO@erf=\skip56
\f@ncyO@olf=\skip57
\f@ncyO@orf=\skip58
)
("C:\Dokumente und Einstellungen\PC\Desktop\AEvWI\Klausurvorschlag.aux")
LaTeX Font Info:    Checking defaults for OML/cmm/m/it on input line 198.
LaTeX Font Info:    ... okay on input line 198.
LaTeX Font Info:    Checking defaults for T1/cmr/m/n on input line 198.
LaTeX Font Info:    ... okay on input line 198.
LaTeX Font Info:    Checking defaults for OT1/cmr/m/n on input line 198.
LaTeX Font Info:    ... okay on input line 198.
LaTeX Font Info:    Checking defaults for OMS/cmsy/m/n on input line 198.
LaTeX Font Info:    ... okay on input line 198.
LaTeX Font Info:    Checking defaults for OMX/cmex/m/n on input line 198.
LaTeX Font Info:    ... okay on input line 198.
LaTeX Font Info:    Checking defaults for U/cmr/m/n on input line 198.
LaTeX Font Info:    ... okay on input line 198.
LaTeX Font Info:    Try loading font information for T1+ptm on input line 198.

(C:\Programme\MiKTeX\tex\latex\psnfss\t1ptm.fd
File: t1ptm.fd 2001/06/04 font definitions for T1/ptm.
)
(C:\Programme\MiKTeX\tex\context\base\supp-pdf.tex
[Loading MPS to PDF converter (version 2006.09.02).]
\scratchcounter=\count103
\scratchdimen=\dimen125
\scratchbox=\box28
\nofMPsegments=\count104
\nofMParguments=\count105
\everyMPshowfont=\toks25
\MPscratchCnt=\count106
\MPscratchDim=\dimen126
\MPnumerator=\count107
\everyMPtoPDFconversion=\toks26
)
LaTeX Font Info:    Font shape `T1/ptm/bx/n' in size <20.74> not available
(Font)              Font shape `T1/ptm/b/n' tried instead on input line 203.
LaTeX Font Info:    Font shape `T1/ptm/bx/n' in size <12> not available
(Font)              Font shape `T1/ptm/b/n' tried instead on input line 211.
LaTeX Font Info:    Try loading font information for U+msa on input line 213.
 (C:\Programme\MiKTeX\tex\latex\amsfonts\umsa.fd
File: umsa.fd 2009/06/22 v3.00 AMS symbols A
)
LaTeX Font Info:    Try loading font information for U+msb on input line 213.

(C:\Programme\MiKTeX\tex\latex\amsfonts\umsb.fd
File: umsb.fd 2009/06/22 v3.00 AMS symbols B
)
Overfull \hbox (60.3022pt too wide) in paragraph at lines 211--225
[] 
 []


Overfull \hbox (59.6328pt too wide) in paragraph at lines 228--242
[] 
 []

[1

{C:/Dokumente und Einstellungen/All Users/Anwendungsdaten/MiKTeX/2.8/pdftex/con
fig/pdftex.map}]
Underfull \hbox (badness 10000) in paragraph at lines 248--252

 []

LaTeX Font Info:    Try loading font information for OMS+ptm on input line 255.

(C:\Programme\MiKTeX\tex\latex\psnfss\omsptm.fd
File: omsptm.fd 
)
LaTeX Font Info:    Font shape `OMS/ptm/m/n' in size <12> not available
(Font)              Font shape `OMS/cmsy/m/n' tried instead on input line 255.

Overfull \hbox (0.28545pt too wide) in paragraph at lines 255--259
[]\T1/ptm/m/n/12 Für al-le na-tür-li-chen Zah-len $\OML/cmm/m/it/12 k$ \T1/ptm/
m/n/12 ist $\OML/cmm/m/it/12 [] \OT1/cmr/m/n/12 := (\OML/cmm/m/it/12 [] \OT1/
cmr/m/n/12 + \OML/cmm/m/it/12 k; [] \OT1/cmr/m/n/12 + \OML/cmm/m/it/12 k; :::;
 [] \OT1/cmr/m/n/12 + \OML/cmm/m/it/12 k; []; []\OT1/cmr/m/n/12 )$
 []


Underfull \hbox (badness 10000) in paragraph at lines 260--261

 []


Underfull \hbox (badness 10000) in paragraph at lines 267--268

 []


Underfull \hbox (badness 10000) in paragraph at lines 269--272

 []


Underfull \hbox (badness 10000) in paragraph at lines 282--283

 []

[2] [3]
Underfull \hbox (badness 10000) in paragraph at lines 305--307

 []


Underfull \hbox (badness 10000) in paragraph at lines 319--320

 []


Overfull \hbox (16.14296pt too wide) in paragraph at lines 360--363
[]\T1/ptm/m/n/12 Angenommen, die bei-den Wäh-ler in $\OML/cmm/m/it/12 S$ \T1/pt
m/m/n/12 stim-men wie folgt ab: $\OML/cmm/m/it/12 c g f b a d e$ \T1/ptm/m/n/12
 und $\OML/cmm/m/it/12 c g f b a d e$\T1/ptm/m/n/12 .
 []

[4]
Underfull \hbox (badness 10000) in paragraph at lines 402--404

 []

[5]
Overfull \hbox (9.53139pt too wide) in paragraph at lines 419--423
[]\T1/ptm/m/it/12 Monotonie-Kriterium\T1/ptm/m/n/12 , wenn für je-de $\OMS/cmsy
/m/n/12 E$\T1/ptm/m/n/12 -Wahl $\OT1/cmr/m/n/12 (\OML/cmm/m/it/12 C; V\OT1/cmr/
m/n/12 )$ \T1/ptm/m/n/12 gilt: Ist Kan-di-dat $\OML/cmm/m/it/12 c$ \T1/ptm/m/n/
12 ein $\OMS/cmsy/m/n/12 E$\T1/ptm/m/n/12 -Gewinner
 []

[6] [7]
Overfull \hbox (11.95969pt too wide) in paragraph at lines 471--473
\T1/ptm/m/n/12 ver-wen-den. $\OT1/cmr/m/n/12 (2\OML/cmm/m/it/12 ; \OT1/cmr/m/n/
12 5\OML/cmm/m/it/12 ; \OT1/cmr/m/n/12 6\OML/cmm/m/it/12 ; \OT1/cmr/m/n/12 8\OM
L/cmm/m/it/12 ; \OT1/cmr/m/n/12 4\OML/cmm/m/it/12 ; \OT1/cmr/m/n/12 1)$ \T1/ptm
/m/n/12 ist ei-ne Ja-Instanz mit z.B. der Par-ti-ti-on $\OT1/cmr/m/n/12 (\OMS/c
msy/m/n/12 f\OT1/cmr/m/n/12 2\OML/cmm/m/it/12 ; \OT1/cmr/m/n/12 5\OML/cmm/m/it/
12 ; \OT1/cmr/m/n/12 6\OMS/cmsy/m/n/12 g\OML/cmm/m/it/12 ; \OMS/cmsy/m/n/12 f\O
T1/cmr/m/n/12 8\OML/cmm/m/it/12 ; \OT1/cmr/m/n/12 4\OML/cmm/m/it/12 ; \OT1/cmr/
m/n/12 1\OMS/cmsy/m/n/12 g\OT1/cmr/m/n/12 )$\T1/ptm/m/n/12 . 
 []


Underfull \hbox (badness 10000) in paragraph at lines 474--475

 []


Underfull \hbox (badness 10000) in paragraph at lines 475--476

 []


Underfull \hbox (badness 10000) in paragraph at lines 478--480

 []


Underfull \hbox (badness 10000) in paragraph at lines 496--497

 []


Underfull \hbox (badness 10000) in paragraph at lines 497--498

 []

[8]
Underfull \hbox (badness 10000) in paragraph at lines 500--502

 []

[9] [10] ("C:\Dokumente und Einstellungen\PC\Desktop\AEvWI\Klausurvorschlag.aux
") ) 
Here is how much of TeX's memory you used:
 2955 strings out of 495285
 34421 string characters out of 3180680
 97763 words of memory out of 3000000
 6092 multiletter control sequences out of 15000+200000
 29807 words of font info for 46 fonts, out of 3000000 for 9000
 14 hyphenation exceptions out of 8191
 32i,9n,43p,713b,278s stack positions out of 5000i,500n,10000p,200000b,50000s
{C:/Programme/MiKTeX/fonts/enc/dvips/fontname/8r.enc}<C:/Programme/MiKTeX/f
onts/type1/public/amsfonts/cm/cmmi12.pfb><C:/Programme/MiKTeX/fonts/type1/publi
c/amsfonts/cm/cmmi8.pfb><C:/Programme/MiKTeX/fonts/type1/public/amsfonts/cm/cmr
12.pfb><C:/Programme/MiKTeX/fonts/type1/public/amsfonts/cm/cmr8.pfb><C:/Program
me/MiKTeX/fonts/type1/public/amsfonts/cm/cmsy10.pfb><C:/Programme/MiKTeX/fonts/
type1/public/amsfonts/cm/cmsy6.pfb><C:/Programme/MiKTeX/fonts/type1/public/amsf
onts/cm/cmsy8.pfb><C:/Programme/MiKTeX/fonts/type1/public/amsfonts/latxfont/lci
rclew.pfb><C:/Programme/MiKTeX/fonts/type1/public/amsfonts/latxfont/linew10.pfb
><C:/Programme/MiKTeX/fonts/type1/public/amsfonts/symbols/msam10.pfb><C:/Progra
mme/MiKTeX/fonts/type1/urw/times/utmb8a.pfb><C:/Programme/MiKTeX/fonts/type1/ur
w/times/utmr8a.pfb><C:/Programme/MiKTeX/fonts/type1/urw/times/utmri8a.pfb>
Output written on Klausurvorschlag.pdf (10 pages, 150802 bytes).
PDF statistics:
 88 PDF objects out of 1000 (max. 8388607)
 0 named destinations out of 1000 (max. 500000)
 1 words of extra memory for PDF output out of 10000 (max. 10000000)

